[2025-11-07T12:36:08.391Z] POST /posts 200 57ms
[2025-11-07T12:36:08.597Z] GET /posts 200 163ms
[2025-11-07T12:36:22.987Z] GET /posts/690de7b82d2685a2092a6605 200 43ms
[2025-11-07T12:37:04.993Z] POST /auth/register 200 159ms
[2025-11-07T12:37:05.102Z] POST /auth/login 200 102ms
[2025-11-07T12:37:05.195Z] GET /auth/me 200 42ms
[2025-11-07T12:37:05.197Z] GET /posts 200 42ms
[2025-11-07T12:38:03.929Z] POST /posts 200 59ms
[2025-11-07T12:38:04.020Z] GET /posts 200 45ms
[2025-11-07T12:38:20.385Z] POST /auth/login 400 108ms
[2025-11-07T12:38:23.926Z] POST /auth/login 200 103ms
[2025-11-07T12:38:24.016Z] GET /posts 200 40ms
[2025-11-07T12:38:24.018Z] GET /auth/me 200 44ms
[2025-11-07T12:38:28.423Z] GET /posts/690dd24f6806122312700285 304 48ms
[2025-11-07T12:38:34.742Z] DELETE /posts/690dd24f6806122312700285 200 50ms
[2025-11-07T12:43:25.364Z] POST /auth/login 200 103ms
[2025-11-07T12:43:25.462Z] GET /auth/me 200 45ms
[2025-11-07T12:43:25.503Z] GET /posts 200 83ms
[2025-11-07T12:45:17.378Z] GET /posts 304 87ms
[2025-11-07T12:45:39.958Z] PUT /posts/690de7b82d2685a2092a6605 200 62ms
[2025-11-07T12:45:40.055Z] GET /posts/690de7b82d2685a2092a6605 200 44ms
